[2023-01-13 23:40:53] Ouverture des logs
[2023-01-13 23:40:53] test
[2023-01-13 23:40:53] Ouverture des logs
[2023-01-13 23:40:53] Fermeture des logs
[2023-01-13 23:40:53] Course lancée. Vitesse moto 1 : 120. Vitesse moto 2 : 112
[2023-01-13 23:40:53] Moto 1 gagne
[2023-01-13 23:40:53] Fermeture des logs
[2023-01-13 23:40:53] Ouverture des logs
[2023-01-13 23:40:53] Course lancée. Vitesse moto 1 : 98. Vitesse moto 2 : 164
[2023-01-13 23:40:53] Moto 2 gagne
[2023-01-13 23:40:53] Fermeture des logs
[2023-01-13 23:41:26] Ouverture des logs
[2023-01-13 23:41:26] test
[2023-01-13 23:41:26] Ouverture des logs
[2023-01-13 23:41:26] Fermeture des logs
[2023-01-13 23:41:26] Course lancée. Vitesse moto 1 : 120. Vitesse moto 2 : 112
[2023-01-13 23:41:26] Moto 1 gagne
[2023-01-13 23:41:26] Fermeture des logs
[2023-01-13 23:41:26] Ouverture des logs
[2023-01-13 23:41:26] Course lancée. Vitesse moto 1 : 98. Vitesse moto 2 : 164
[2023-01-13 23:41:26] Moto 2 gagne
[2023-01-13 23:41:26] Fermeture des logs
[2023-01-13 23:42:04] Ouverture des logs
[2023-01-13 23:42:04] test
[2023-01-13 23:42:04] Ouverture des logs
[2023-01-13 23:42:04] Fermeture des logs
[2023-01-13 23:42:04] Course lancée. Vitesse moto 1 : 120. Vitesse moto 2 : 112
[2023-01-13 23:42:04] Moto 1 gagne
[2023-01-13 23:42:04] Fermeture des logs
[2023-01-13 23:42:04] Ouverture des logs
[2023-01-13 23:42:04] Course lancée. Vitesse moto 1 : 98. Vitesse moto 2 : 164
[2023-01-13 23:42:04] Moto 2 gagne
[2023-01-13 23:42:04] Fermeture des logs
